<?xml version="1.0" encoding="UTF-8"?>
<!-- Generated by org.testng.reporters.JUnitXMLReporter -->
<testsuite ignored="0" hostname="DESKTOP-1ILKPKO" failures="0" tests="1" name="Default test" time="0.036" errors="0" timestamp="2023-06-18T10:34:32 GMT-04:00">
  <testcase classname="baseTest.BaseClass" name="@BeforeTest sudar" time="-1.687098871994E9">
    <failure type="org.testng.TestNGException" message="
Parameter &amp;apos;browser&amp;apos; is required by BeforeTest on method sudar but has not been marked @Optional or defined
in C:\Users\SWATHI\AppData\Local\Temp\testng-eclipse--220009110\testng-customsuite.xml">
      <![CDATA[org.testng.TestNGException: 
Parameter 'browser' is required by BeforeTest on method sudar but has not been marked @Optional or defined
in C:\Users\SWATHI\AppData\Local\Temp\testng-eclipse--220009110\testng-customsuite.xml
at org.testng.internal.Parameters.createParams(Parameters.java:270)
at org.testng.internal.Parameters.createParametersForMethod(Parameters.java:358)
at org.testng.internal.Parameters.createParameters(Parameters.java:700)
at org.testng.internal.Parameters.createConfigurationParameters(Parameters.java:168)
at org.testng.internal.ConfigInvoker.invokeConfigurations(ConfigInvoker.java:302)
at org.testng.TestRunner.invokeTestConfigurations(TestRunner.java:637)
at org.testng.TestRunner.beforeRun(TestRunner.java:627)
at org.testng.TestRunner.run(TestRunner.java:589)
at org.testng.SuiteRunner.runTest(SuiteRunner.java:377)
at org.testng.SuiteRunner.runSequentially(SuiteRunner.java:371)
at org.testng.SuiteRunner.privateRun(SuiteRunner.java:332)
at org.testng.SuiteRunner.run(SuiteRunner.java:276)
at org.testng.SuiteRunnerWorker.runSuite(SuiteRunnerWorker.java:53)
at org.testng.SuiteRunnerWorker.run(SuiteRunnerWorker.java:96)
at org.testng.TestNG.runSuitesSequentially(TestNG.java:1212)
at org.testng.TestNG.runSuitesLocally(TestNG.java:1134)
at org.testng.TestNG.runSuites(TestNG.java:1063)
at org.testng.TestNG.run(TestNG.java:1031)
at org.testng.remote.AbstractRemoteTestNG.run(AbstractRemoteTestNG.java:115)
at org.testng.remote.RemoteTestNG.initAndRun(RemoteTestNG.java:251)
at org.testng.remote.RemoteTestNG.main(RemoteTestNG.java:77)
]]>
    </failure>
  </testcase> <!-- @BeforeTest sudar -->
  <testcase classname="baseTest.BaseClass" name="@BeforeMethod setExtent" time="-1.687098872019E9">
    <skipped/>
  </testcase> <!-- @BeforeMethod setExtent -->
  <testcase classname="baseTest.BaseClass" name="@BeforeMethod window" time="-1.68709887202E9">
    <skipped/>
  </testcase> <!-- @BeforeMethod window -->
  <testcase classname="baseTest.BaseClass" name="@AfterMethod endReport" time="-1.687098872025E9">
    <skipped/>
  </testcase> <!-- @AfterMethod endReport -->
  <testcase classname="baseTest.BaseClass" name="@AfterMethod screenshot" time="-1.687098872025E9">
    <skipped/>
  </testcase> <!-- @AfterMethod screenshot -->
  <testcase classname="execution.SudarshanKriyaMain" name="mm" time="0.0">
    <skipped/>
  </testcase> <!-- mm -->
</testsuite> <!-- Default test -->
